<?xml version="1.0" encoding="UTF-8"?>
<testng-results skipped="0" failed="0" total="2" passed="2">
  <reporter-output>
  </reporter-output>
  <suite name="Suite" duration-ms="22847" started-at="2016-08-30T12:15:04Z" finished-at="2016-08-30T12:15:27Z">
    <groups>
    </groups>
    <test name="Test" duration-ms="22847" started-at="2016-08-30T12:15:04Z" finished-at="2016-08-30T12:15:27Z">
      <class name="com.selenium.test1.NewTest">
        <test-method status="PASS" signature="login()[pri:0, instance:com.selenium.test1.NewTest@3ecf72fd]" name="login" duration-ms="9461" started-at="2016-08-30T17:45:04Z" finished-at="2016-08-30T17:45:13Z">
          <reporter-output>
          </reporter-output>
        </test-method> <!-- login -->
      </class> <!-- com.selenium.test1.NewTest -->
      <class name="com.selenium.test1.Logintest">
        <test-method status="PASS" signature="Login()[pri:0, instance:com.selenium.test1.Logintest@77f03bb1]" name="Login" duration-ms="13377" started-at="2016-08-30T17:45:13Z" finished-at="2016-08-30T17:45:27Z">
          <reporter-output>
          </reporter-output>
        </test-method> <!-- Login -->
      </class> <!-- com.selenium.test1.Logintest -->
    </test> <!-- Test -->
  </suite> <!-- Suite -->
</testng-results>
